<?xml version="1.0" encoding="UTF-8"?>
<!-- Generated by org.testng.reporters.JUnitReportReporter -->
<testsuite hostname="LAPTOP-MV8D8OCH" failures="0" tests="1" name="test.TC01_verifyMailSend" time="54.489" errors="0" timestamp="2024-03-20T12:23:52 IST" skipped="0">
  <testcase classname="test.TC01_verifyMailSend" name="VerifyMailsendSuccessfully" time="54.489"/>
  <system-out>
    <![CDATA[Entering Subject
Waiting for 2000 milisec
Entering body text 
Waiting for 2000 milisec]]>
  </system-out>
</testsuite> <!-- test.TC01_verifyMailSend -->
