<?xml version="1.0" encoding="UTF-8"?>
<!-- Generated by org.testng.reporters.JUnitReportReporter -->
<testsuite hostname="LAPTOP-MV8D8OCH" failures="0" tests="1" name="test.TC01_verifyMessageOf30Days" time="0.008" errors="0" timestamp="2024-03-19T17:39:42 IST" skipped="0">
  <testcase classname="test.TC01_verifyMessageOf30Days" name="VerifyMessageOF30Days" time="0.008"/>
  <system-out/>
</testsuite> <!-- test.TC01_verifyMessageOf30Days -->
